<?xml version="1.0" encoding="UTF-8"?>
<testng-results ignored="0" total="1" passed="1" failed="0" skipped="0">
  <reporter-output>
  </reporter-output>
  <suite started-at="2023-08-28T16:59:41 IST" name="Default suite" finished-at="2023-08-28T17:03:19 IST" duration-ms="217575">
    <groups>
    </groups>
    <test started-at="2023-08-28T16:59:41 IST" name="Default test" finished-at="2023-08-28T17:03:19 IST" duration-ms="217575">
      <class name="test_cases.Insta_Liker">
        <test-method is-config="true" signature="setup()[pri:0, instance:test_cases.Insta_Liker@6dc17b83]" started-at="2023-08-28T16:59:41 IST" name="setup" finished-at="2023-08-28T16:59:56 IST" duration-ms="14571" status="PASS">
          <reporter-output>
          </reporter-output>
        </test-method> <!-- setup -->
        <test-method signature="like()[pri:0, instance:test_cases.Insta_Liker@6dc17b83]" started-at="2023-08-28T16:59:56 IST" name="like" finished-at="2023-08-28T17:03:18 IST" duration-ms="202535" status="PASS">
          <reporter-output>
          </reporter-output>
        </test-method> <!-- like -->
        <test-method is-config="true" signature="TearDown()[pri:0, instance:test_cases.Insta_Liker@6dc17b83]" started-at="2023-08-28T17:03:18 IST" name="TearDown" finished-at="2023-08-28T17:03:19 IST" duration-ms="369" status="PASS">
          <reporter-output>
          </reporter-output>
        </test-method> <!-- TearDown -->
      </class> <!-- test_cases.Insta_Liker -->
    </test> <!-- Default test -->
  </suite> <!-- Default suite -->
</testng-results>
